ifort: command line warning #10157: ignoring option '-W'; argument is of wrong type
ifort: command line warning #10157: ignoring option '-W'; argument is of wrong type
ifort: command line warning #10006: ignoring unknown option '-J../bin'
ifort: command line warning #10157: ignoring option '-W'; argument is of wrong type
ifort: command line warning #10157: ignoring option '-W'; argument is of wrong type
ifort: command line warning #10006: ignoring unknown option '-J../bin'
ifort: command line warning #10157: ignoring option '-W'; argument is of wrong type
ifort: command line warning #10157: ignoring option '-W'; argument is of wrong type
ifort: command line warning #10006: ignoring unknown option '-J../bin'
ifort: command line warning #10157: ignoring option '-W'; argument is of wrong type
ifort: command line warning #10157: ignoring option '-W'; argument is of wrong type
ifort: command line warning #10006: ignoring unknown option '-J../bin'
ifort: command line warning #10157: ignoring option '-W'; argument is of wrong type
ifort: command line warning #10157: ignoring option '-W'; argument is of wrong type
ifort: command line warning #10006: ignoring unknown option '-J../bin'
ifort: command line warning #10157: ignoring option '-W'; argument is of wrong type
ifort: command line warning #10157: ignoring option '-W'; argument is of wrong type
ifort: command line warning #10006: ignoring unknown option '-J../bin'
ifort: command line warning #10157: ignoring option '-W'; argument is of wrong type
ifort: command line warning #10157: ignoring option '-W'; argument is of wrong type
ifort: command line warning #10006: ignoring unknown option '-J../bin'
ifort: command line warning #10157: ignoring option '-W'; argument is of wrong type
ifort: command line warning #10157: ignoring option '-W'; argument is of wrong type
ifort: command line warning #10006: ignoring unknown option '-J../bin'
main_parallel.f90(9): error #7013: This module file was not generated by any release of this compiler.   [MPI]
  use mpi
------^
main_parallel.f90(56): error #6404: This name does not have a type, and must have an explicit type.   [MPI_COMM_WORLD]
  call MPI_Comm_rank(MPI_COMM_WORLD, rank, ierr)
---------------------^
main_parallel.f90(78): error #6404: This name does not have a type, and must have an explicit type.   [MPI_INTEGER]
  call MPI_Bcast(n_carbons, 1, MPI_INTEGER, 0, MPI_COMM_WORLD, ierr)
-------------------------------^
main_parallel.f90(80): error #6404: This name does not have a type, and must have an explicit type.   [MPI_LOGICAL]
  call MPI_Bcast(explicit_h,1, MPI_LOGICAL, 0, MPI_COMM_WORLD, ierr)
-------------------------------^
main_parallel.f90(83): error #6404: This name does not have a type, and must have an explicit type.   [MPI_CHARACTER]
  call MPI_Bcast(xyz_file, 256, MPI_CHARACTER, 0, MPI_COMM_WORLD, ierr)
--------------------------------^
main_parallel.f90(96): error #6404: This name does not have a type, and must have an explicit type.   [KB]
  beta = 1.0d0 / (kb * T)
------------------^
main_parallel.f90(128): error #6498: The use-name for this local-name is not defined.   [COMPUTE_TOTAL_ENERGY_AA]
    call compute_total_energy_aa(coords, n_atoms, n_carbons, E_total, E_lj, E_tors)
---------^
main_parallel.f90(130): error #6498: The use-name for this local-name is not defined.   [COMPUTE_TOTAL_ENERGY_UA]
    call compute_total_energy_ua(coords, n_carbons, E_total, E_lj, E_tors)
---------^
main_parallel.f90(183): error #6404: This name does not have a type, and must have an explicit type.   [COMPUTE_RG]
      rg2 = compute_rg(n_carbons, coords)
------------^
main_parallel.f90(184): error #6404: This name does not have a type, and must have an explicit type.   [COMPUTE_END_TO_END]
      ree2 = compute_end_to_end(n_carbons, coords)
-------------^
main_parallel.f90(15): error #6580: Name in only-list does not exist.   [INIT_ENERGY_TOPOLOGY]
  use energy_all_atoms, only: init_energy_topology, &
------------------------------^
compilation aborted for main_parallel.f90 (code 1)
make: *** [../bin/main_parallel.o] Error 1
ifort: command line warning #10157: ignoring option '-W'; argument is of wrong type
ifort: command line warning #10157: ignoring option '-W'; argument is of wrong type
ifort: command line warning #10006: ignoring unknown option '-J../bin'
main_parallel.f90(9): error #7013: This module file was not generated by any release of this compiler.   [MPI]
  use mpi
------^
main_parallel.f90(56): error #6404: This name does not have a type, and must have an explicit type.   [MPI_COMM_WORLD]
  call MPI_Comm_rank(MPI_COMM_WORLD, rank, ierr)
---------------------^
main_parallel.f90(78): error #6404: This name does not have a type, and must have an explicit type.   [MPI_INTEGER]
  call MPI_Bcast(n_carbons, 1, MPI_INTEGER, 0, MPI_COMM_WORLD, ierr)
-------------------------------^
main_parallel.f90(80): error #6404: This name does not have a type, and must have an explicit type.   [MPI_LOGICAL]
  call MPI_Bcast(explicit_h,1, MPI_LOGICAL, 0, MPI_COMM_WORLD, ierr)
-------------------------------^
main_parallel.f90(83): error #6404: This name does not have a type, and must have an explicit type.   [MPI_CHARACTER]
  call MPI_Bcast(xyz_file, 256, MPI_CHARACTER, 0, MPI_COMM_WORLD, ierr)
--------------------------------^
main_parallel.f90(96): error #6404: This name does not have a type, and must have an explicit type.   [KB]
  beta = 1.0d0 / (kb * T)
------------------^
main_parallel.f90(128): error #6498: The use-name for this local-name is not defined.   [COMPUTE_TOTAL_ENERGY_AA]
    call compute_total_energy_aa(coords, n_atoms, n_carbons, E_total, E_lj, E_tors)
---------^
main_parallel.f90(130): error #6498: The use-name for this local-name is not defined.   [COMPUTE_TOTAL_ENERGY_UA]
    call compute_total_energy_ua(coords, n_carbons, E_total, E_lj, E_tors)
---------^
main_parallel.f90(183): error #6404: This name does not have a type, and must have an explicit type.   [COMPUTE_RG]
      rg2 = compute_rg(n_carbons, coords)
------------^
main_parallel.f90(184): error #6404: This name does not have a type, and must have an explicit type.   [COMPUTE_END_TO_END]
      ree2 = compute_end_to_end(n_carbons, coords)
-------------^
main_parallel.f90(15): error #6580: Name in only-list does not exist.   [INIT_ENERGY_TOPOLOGY]
  use energy_all_atoms, only: init_energy_topology, &
------------------------------^
compilation aborted for main_parallel.f90 (code 1)
make: *** [../bin/main_parallel.o] Error 1
